e:\documents\github\unityimgui\pluginsource\source\projectfiles\debug\vc142.pdb
e:\documents\github\unityimgui\pluginsource\source\projectfiles\debug\vc142.idb
e:\documents\github\unityimgui\pluginsource\source\projectfiles\debug\renderingplugin.obj
e:\documents\github\unityimgui\pluginsource\source\projectfiles\debug\renderapi_vulkan.obj
e:\documents\github\unityimgui\pluginsource\source\projectfiles\debug\renderapi_openglcorees.obj
e:\documents\github\unityimgui\pluginsource\source\projectfiles\debug\renderapi_d3d12.obj
e:\documents\github\unityimgui\pluginsource\source\projectfiles\debug\renderapi_d3d11.obj
e:\documents\github\unityimgui\pluginsource\source\projectfiles\debug\renderapi.obj
e:\documents\github\unityimgui\pluginsource\source\projectfiles\debug\gl3w.obj
e:\documents\github\unityimgui\unityimgui\assets\plugins\unityimguirenderer.ilk
e:\documents\github\unityimgui\unityimgui\assets\plugins\unityimguirenderer.dll
e:\documents\github\unityimgui\unityimgui\assets\plugins\unityimguirenderer.pdb
e:\documents\github\unityimgui\unityimgui\assets\plugins\unityimguirenderer.lib
e:\documents\github\unityimgui\unityimgui\assets\plugins\unityimguirenderer.exp
e:\documents\github\unityimgui\pluginsource\source\..\..\unityimgui\assets\plugins\unityimguirenderer.dll
e:\documents\github\unityimgui\pluginsource\source\projectfiles\debug\unityimg.903625af.tlog\cl.command.1.tlog
e:\documents\github\unityimgui\pluginsource\source\projectfiles\debug\unityimg.903625af.tlog\cl.read.1.tlog
e:\documents\github\unityimgui\pluginsource\source\projectfiles\debug\unityimg.903625af.tlog\cl.write.1.tlog
e:\documents\github\unityimgui\pluginsource\source\projectfiles\debug\unityimg.903625af.tlog\link.command.1.tlog
e:\documents\github\unityimgui\pluginsource\source\projectfiles\debug\unityimg.903625af.tlog\link.delete.1.tlog
e:\documents\github\unityimgui\pluginsource\source\projectfiles\debug\unityimg.903625af.tlog\link.read.1.tlog
e:\documents\github\unityimgui\pluginsource\source\projectfiles\debug\unityimg.903625af.tlog\link.write.1.tlog
e:\documents\github\unityimgui\pluginsource\source\projectfiles\debug\unityimg.903625af.tlog\unityimguirenderer.write.1u.tlog
